<?xml version="1.0" encoding="UTF-8"?>
<!-- Generated by org.testng.reporters.JUnitXMLReporter -->
<testsuite ignored="0" hostname="DESKTOP-C4IGJ3L" failures="0" tests="1" name="Test(failed)" time="0.139" errors="0" timestamp="2025-07-31T11:03:04 IST">
  <testcase classname="testBase.BaseClass" name="@BeforeClass setUp" time="-1.753939984761E9">
    <failure type="org.testng.TestNGException" message="
Parameter &amp;apos;os&amp;apos; is required by BeforeClass on method setUp but has not been marked @Optional or defined
in C:\Users\Ashok C\SeleniumWebdriver\OpenCart\test-output\testng-failed.xml">
      <![CDATA[org.testng.TestNGException: 
Parameter 'os' is required by BeforeClass on method setUp but has not been marked @Optional or defined
in C:\Users\Ashok C\SeleniumWebdriver\OpenCart\test-output\testng-failed.xml
at java.base/java.util.ArrayList.forEach(ArrayList.java:1596)
... Removed 22 stack frames]]>
    </failure>
  </testcase> <!-- @BeforeClass setUp -->
  <testcase classname="testBase.BaseClass" name="@AfterClass termDown" time="0.0">
    <skipped/>
  </testcase> <!-- @AfterClass termDown -->
  <testcase classname="testCase.AccountRegistrationTest" name="account_registration_test" time="0.0">
    <skipped/>
  </testcase> <!-- account_registration_test -->
</testsuite> <!-- Test(failed) -->
